app/build/outputs/mapping/release/seeds.txt
com.baseballnerd.app.ui.more.SettingsFragment
com.baseballnerd.app.ui.stats.StatCategoryFragment
com.baseballnerd.app.ui.scores.ScoresFragment
com.baseballnerd.app.ui.scores.ScoresViewModel
com.baseballnerd.app.ui.stats.PositionsFragment
com.baseballnerd.app.ui.standings.StandingsFragment
com.baseballnerd.app.ui.scores.ScorePageFragment
com.baseballnerd.app.ui.MainActivity
com.baseballnerd.app.ui.standings.StandingsPageFragment
com.baseballnerd.app.ui.scores.StrikeZoneView
com.baseballnerd.app.ui.schedule.TeamScheduleFragment
com.baseballnerd.app.ui.more.MoreFragment
com.baseballnerd.app.ui.BaseballNerdApp
com.baseballnerd.app.ui.more.AboutFragment
com.baseballnerd.app.ui.player.PlayerStatsFragment
com.baseballnerd.app.ui.scores.GameDetailFragment
com.baseballnerd.app.ui.scores.BaseDiamondView
com.baseballnerd.app.data.api.MlbApiService
com.baseballnerd.app.ui.standings.WildCardStandingsFragment
com.baseballnerd.app.ui.stats.StatsFragment
com.baseballnerd.app.ui.stats.WhosHotFragment
com.baseballnerd.app.ui.standings.DivisionStandingsFragment
com.baseballnerd.app.ui.more.AwardsFragment
com.baseballnerd.app.ui.standings.StandingsViewModel
com.baseballnerd.app.ui.scores.StrikeZoneView: StrikeZoneView(android.content.Context,android.util.AttributeSet)
com.baseballnerd.app.data.api.MlbApiService: java.lang.Object getPersonCareer(int,java.lang.String,kotlin.coroutines.Continuation)
com.baseballnerd.app.ui.more.AwardsFragment: AwardsFragment()
com.baseballnerd.app.ui.stats.WhosHotFragment: WhosHotFragment()
com.baseballnerd.app.ui.scores.BaseDiamondView: BaseDiamondView(android.content.Context,android.util.AttributeSet)
com.baseballnerd.app.ui.scores.StrikeZoneView: void setPitches(java.util.List)
com.baseballnerd.app.data.api.MlbApiService: java.lang.Object getSchedule(int,java.lang.String,java.lang.Integer,java.lang.String,java.lang.String,java.lang.String,java.lang.String,java.lang.String,kotlin.coroutines.Continuation)
com.baseballnerd.app.ui.stats.PositionsFragment: PositionsFragment()
com.baseballnerd.app.ui.more.AboutFragment: AboutFragment()
com.baseballnerd.app.ui.scores.ScorePageFragment: ScorePageFragment()
com.baseballnerd.app.data.api.MlbApiService: java.lang.Object getLinescore(long,kotlin.coroutines.Continuation)
com.baseballnerd.app.data.api.MlbApiService: java.lang.Object getAwards(int,java.lang.String,kotlin.coroutines.Continuation)
com.baseballnerd.app.ui.player.PlayerStatsFragmentArgs: com.baseballnerd.app.ui.player.PlayerStatsFragmentArgs fromBundle(android.os.Bundle)
com.baseballnerd.app.ui.stats.StatsFragment: StatsFragment()
com.baseballnerd.app.ui.scores.ScoresViewModel: ScoresViewModel()
com.baseballnerd.app.ui.standings.WildCardStandingsFragment: WildCardStandingsFragment()
com.baseballnerd.app.data.api.MlbApiService: java.lang.Object getStandings(java.lang.String,java.lang.String,java.lang.String,java.lang.String,kotlin.coroutines.Continuation)
com.baseballnerd.app.ui.MainActivity: MainActivity()
com.baseballnerd.app.ui.schedule.TeamScheduleFragmentArgs: com.baseballnerd.app.ui.schedule.TeamScheduleFragmentArgs fromBundle(android.os.Bundle)
com.baseballnerd.app.ui.standings.DivisionStandingsFragment: DivisionStandingsFragment()
com.baseballnerd.app.data.api.MlbApiService: java.lang.Object getTeamRoster(int,java.lang.String,java.lang.String,java.lang.String,kotlin.coroutines.Continuation)
com.baseballnerd.app.ui.BaseballNerdApp: BaseballNerdApp()
com.baseballnerd.app.data.api.MlbApiService: java.lang.Object getPlayByPlay(long,kotlin.coroutines.Continuation)
com.baseballnerd.app.ui.standings.StandingsViewModel: StandingsViewModel()
com.baseballnerd.app.data.api.MlbApiService: java.lang.Object getTeams(int,java.lang.String,kotlin.coroutines.Continuation)
com.baseballnerd.app.ui.standings.StandingsPageFragment: StandingsPageFragment()
com.baseballnerd.app.ui.more.SettingsFragment: SettingsFragment()
...
com.google.android.material.textfield.TextInputLayout: void setErrorTextAppearance(int)
androidx.lifecycle.ReportFragment$LifecycleCallbacks: void onActivityResumed(android.app.Activity)
com.google.android.material.chip.Chip: android.content.res.ColorStateList getRippleColor()
androidx.appcompat.widget.DialogTitle: DialogTitle(android.content.Context,android.util.AttributeSet)
com.google.android.material.chip.Chip: java.lang.CharSequence getCloseIconContentDescription()
androidx.lifecycle.ReportFragment$LifecycleCallbacks: void onActivityCreated(android.app.Activity,android.os.Bundle)
androidx.appcompat.widget.AppCompatRadioButton: void setSupportBackgroundTintList(android.content.res.ColorStateList)
com.google.android.material.chip.Chip: void setCloseIconEndPadding(float)
androidx.core.view.WindowInsetsCompat$Impl29: WindowInsetsCompat$Impl29(androidx.core.view.WindowInsetsCompat,androidx.core.view.WindowInsetsCompat$Impl29)
androidx.appcompat.widget.AppCompatAutoCompleteTextView: void setSupportBackgroundTintList(android.content.res.ColorStateList)
androidx.appcompat.widget.ActionBarContainer: void setPrimaryBackground(android.graphics.drawable.Drawable)
com.caverock.androidsvg.SVG$Style$TextDecoration: com.caverock.androidsvg.SVG$Style$TextDecoration valueOf(java.lang.String)
androidx.appcompat.widget.Toolbar: void setLogoDescription(java.lang.CharSequence)
com.google.android.material.navigation.NavigationBarItemView: void setItemBackground(int)
com.google.android.material.internal.NavigationMenuItemView: NavigationMenuItemView(android.content.Context,android.util.AttributeSet)
androidx.appcompat.widget.SwitchCompat: void setTextOffInternal(java.lang.CharSequence)
androidx.appcompat.widget.AppCompatTextView: void setSupportCompoundDrawablesTintMode(android.graphics.PorterDuff$Mode)
androidx.appcompat.widget.AppCompatCheckedTextView: androidx.appcompat.widget.AppCompatEmojiTextHelper getEmojiTextViewHelper()
androidx.fragment.app.SpecialEffectsController$Operation$LifecycleImpact: androidx.fragment.app.SpecialEffectsController$Operation$LifecycleImpact valueOf(java.lang.String)
com.google.android.material.navigation.NavigationBarItemView: void setTextAppearanceActiveBoldEnabled(boolean)
com.google.android.material.tabs.TabLayout$TabView: int getContentWidth()
androidx.vectordrawable.graphics.drawable.VectorDrawableCompat$VFullPath: float getTrimPathEnd()
com.google.android.material.navigation.NavigationBarMenuView: int getSelectedItemId()
androidx.constraintlayout.widget.ConstraintLayout: ConstraintLayout(android.content.Context,android.util.AttributeSet)
com.google.android.material.textfield.TextInputEditText: TextInputEditText(android.content.Context,android.util.AttributeSet)
androidx.vectordrawable.graphics.drawable.VectorDrawableCompat$VFullPath: void setTrimPathOffset(float)
androidx.appcompat.widget.AppCompatRadioButton: void setSupportCompoundDrawablesTintList(android.content.res.ColorStateList)
com.google.android.material.navigation.NavigationBarMenuView: void setPresenter(com.google.android.material.navigation.NavigationBarPresenter)
androidx.constraintlayout.helper.widget.Flow: void setFirstVerticalStyle(int)
com.caverock.androidsvg.PreserveAspectRatio$Alignment: com.caverock.androidsvg.PreserveAspectRatio$Alignment valueOf(java.lang.String)
androidx.core.graphics.drawable.IconCompatParcelizer: void write(androidx.core.graphics.drawable.IconCompat,androidx.versionedparcelable.VersionedParcel)
androidx.appcompat.widget.Toolbar: void setTitleTextColor(android.content.res.ColorStateList)
com.google.android.material.textfield.TextInputLayout: java.lang.CharSequence getCounterOverflowDescription()
com.google.android.material.internal.BaselineLayout: int getBaseline()
androidx.core.widget.NestedScrollView: void setNestedScrollingEnabled(boolean)
androidx.appcompat.widget.AppCompatImageButton: void setSupportImageTintList(android.content.res.ColorStateList)