app/build/outputs/mapping/release/mapping.txt
# compiler: R8
# compiler_version: 8.7.18
# min_api: 26
# common_typos_disable
# {"id":"com.android.tools.r8.mapping","version":"2.2"}
# pg_map_id: 026d01d
# pg_map_hash: SHA-256 026d01d9634d7ace24f5061065274997c8a0e11d678282bd11cf0b1a28745f3d
com.baseballnerd.app.data.api.MlbApiClient -> M0.c:
# {"id":"sourceFile","fileName":"MlbApiClient.kt"}
    okhttp3.OkHttpClient okHttpClient -> a
      # {"id":"com.android.tools.r8.residualsignature","signature":"Lo2/u;"}
    kotlin.Lazy service$delegate -> b
      # {"id":"com.android.tools.r8.residualsignature","signature":"LL1/g;"}
    0:5:void <clinit>():13:13 -> <clinit>
    6:7:void okhttp3.logging.HttpLoggingInterceptor.level(okhttp3.logging.HttpLoggingInterceptor$Level):46:46 -> <clinit>
    6:7:void <clinit>():14 -> <clinit>
    8:12:void <clinit>():17:17 -> <clinit>
    13:15:void <clinit>():39:39 -> <clinit>
    16:18:void com.baseballnerd.app.data.api.MlbApiClient$special$$inlined$-addInterceptor$1.<init>():0:0 -> <clinit>
    16:18:void <clinit>():39 -> <clinit>
    19:23:okhttp3.OkHttpClient$Builder okhttp3.OkHttpClient$Builder.addInterceptor(okhttp3.Interceptor):558:558 -> <clinit>
    19:23:void <clinit>():39 -> <clinit>
    24:28:okhttp3.OkHttpClient$Builder okhttp3.OkHttpClient$Builder.addInterceptor(okhttp3.Interceptor):558:558 -> <clinit>
    24:28:void <clinit>():24 -> <clinit>
    29:30:void <clinit>():25:25 -> <clinit>
    31:35:okhttp3.OkHttpClient$Builder okhttp3.OkHttpClient$Builder.connectTimeout(long,java.util.concurrent.TimeUnit):0:0 -> <clinit>
    31:35:void <clinit>():25 -> <clinit>
    36:41:okhttp3.OkHttpClient$Builder okhttp3.OkHttpClient$Builder.connectTimeout(long,java.util.concurrent.TimeUnit):948:948 -> <clinit>
com.baseballnerd.app.data.api.MlbApiClient$service$2 -> M0.a:
# {"id":"sourceFile","fileName":"MlbApiClient.kt"}
    com.baseballnerd.app.data.api.MlbApiClient$service$2 INSTANCE -> b
      # {"id":"com.android.tools.r8.residualsignature","signature":"LM0/a;"}
    3:5:void <init>():0:0 -> <clinit>
    3:5:void <clinit>():0 -> <clinit>
    6:8:void <clinit>():0:0 -> <clinit>
    2:3:retrofit2.Platform retrofit2.Platform.get():38:38 -> a
    2:3:void retrofit2.Retrofit$Builder.<init>():441 -> a
    2:3:com.baseballnerd.app.data.api.MlbApiService invoke():30 -> a
    2:3:java.lang.Object invoke():29 -> a
    4:8:void retrofit2.Retrofit$Builder.<init>(retrofit2.Platform):431:431 -> a
    4:8:void retrofit2.Retrofit$Builder.<init>():441 -> a
    4:8:com.baseballnerd.app.data.api.MlbApiService invoke():30 -> a
    4:8:java.lang.Object invoke():29 -> a
    9:13:void retrofit2.Retrofit$Builder.<init>(retrofit2.Platform):432:432 -> a
    9:13:void retrofit2.Retrofit$Builder.<init>():441 -> a
    9:13:com.baseballnerd.app.data.api.MlbApiService invoke():30 -> a
    9:13:java.lang.Object invoke():29 -> a
    14:28:okhttp3.HttpUrl okhttp3.HttpUrl$Companion.get(java.lang.String):1634:1634 -> a
    14:28:okhttp3.HttpUrl okhttp3.HttpUrl.get(java.lang.String):0 -> a
    14:28:retrofit2.Retrofit$Builder retrofit2.Retrofit$Builder.baseUrl(java.lang.String):506 -> a
    14:28:com.baseballnerd.app.data.api.MlbApiService invoke():31 -> a
    14:28:java.lang.Object invoke():29 -> a
...
okio.AsyncTimeout$source$1 -> C2.d:
# {"id":"sourceFile","fileName":"AsyncTimeout.kt"}
    int C2.AsyncTimeout$source$1.$r8$classId -> a
      # {"id":"com.android.tools.r8.synthesized"}
    okio.AsyncTimeout this$0 -> b
      # {"id":"com.android.tools.r8.residualsignature","signature":"Ljava/lang/Object;"}
    okio.Source $source -> c
      # {"id":"com.android.tools.r8.residualsignature","signature":"Ljava/lang/Object;"}
    1:3:void okio.InputStreamSource.<init>(java.io.InputStream,okio.Timeout):81:83 -> <init>
      # {"id":"com.android.tools.r8.residualsignature","signature":"(Ljava/io/InputStream;LC2/K;)V"}
    4:4:void <init>(okio.AsyncTimeout,okio.Source):126:126 -> <init>
      # {"id":"com.android.tools.r8.residualsignature","signature":"(LC2/H;LC2/d;)V"}
    5:5:void <init>(okio.AsyncTimeout,okio.Source):0:0 -> <init>
    5:9:okio.Timeout okio.InputStreamSource.timeout():113:113 -> c
      # {"id":"com.android.tools.r8.residualsignature","signature":"()LC2/K;"}
    10:15:okio.Timeout timeout():126:126 -> c
    5:12:void okio.InputStreamSource.close():111:111 -> close
    13:16:void close():132:132 -> close
    17:23:void close():344:344 -> close
    24:26:void close():132:132 -> close
    27:34:void close():352:352 -> close
    35:38:java.io.IOException okio.AsyncTimeout.access$newTimeoutException(java.io.IOException):161:161 -> close
    35:38:void close():353 -> close
    39:42:void close():353:353 -> close
    43:49:void close():350:350 -> close
okio.BlackholeSink -> C2.f:
# {"id":"sourceFile","fileName":"Okio.kt"}
    0:2:okio.Timeout timeout():46:46 -> c
      # {"id":"com.android.tools.r8.residualsignature","signature":"()LC2/K;"}
    0:0:void close():47:47 -> close
    0:0:void flush():45:45 -> flush
    5:8:void write(okio.Buffer,long):44:44 -> j
      # {"id":"com.android.tools.r8.residualsignature","signature":"(LC2/i;J)V"}
okio.Buffer -> C2.i:
# {"id":"sourceFile","fileName":"Buffer.kt"}
    okio.Segment head -> a
      # {"id":"com.android.tools.r8.residualsignature","signature":"LC2/D;"}
    long size -> b
    5:11:int read(byte[],int,int):1096:1096 -> A
    12:17:int read(byte[],int,int):1098:1098 -> A
    18:26:int read(byte[],int,int):1099:1099 -> A
    27:30:int read(byte[],int,int):1103:1103 -> A
    31:35:int read(byte[],int,int):1100:1100 -> A
    36:40:int read(byte[],int,int):1107:1107 -> A
    41:44:long size():80:80 -> A
    41:44:int read(byte[],int,int):1108 -> A
    45:46:void setSize$okio(long):81:81 -> A
    45:46:int read(byte[],int,int):1108 -> A
    47:50:int read(byte[],int,int):1110:1110 -> A
    51:56:int read(byte[],int,int):1111:1111 -> A
    57:61:int read(byte[],int,int):1112:1112 -> A
    0:7:long size():80:80 -> B
    0:7:byte readByte():688 -> B
    8:12:byte readByte():690:690 -> B
    13:14:byte readByte():691:691 -> B
    15:18:byte readByte():692:692 -> B
    19:22:byte readByte():695:695 -> B
    23:27:long size():80:80 -> B
    23:27:byte readByte():696 -> B
    28:31:void setSize$okio(long):81:81 -> B
    28:31:byte readByte():696 -> B
    32:37:byte readByte():699:699 -> B
    38:41:byte readByte():700:700 -> B
    42:44:byte readByte():702:702 -> B
    45:50:byte readByte():688:688 -> B
    13:19:long size():80:80 -> C
    13:19:byte[] readByteArray(long):1083 -> C
    13:19:byte[] C2.Buffer.readByteArray(long):0 -> C