app/build/outputs/mapping/release/usage.txt
com.baseballnerd.app.MainApplication
com.baseballnerd.app.R$anim
com.baseballnerd.app.R$color:
    public static int accent_gold
    public static int background_primary
    public static int card_stroke
    public static int mlb_blue
    public static int mlb_navy
    public static int mlb_white
    public static int nav_item_color
    public static int nav_item_selected
    public static int nav_item_unselected
    public static int xp_bar_fill
    public static int xp_bar_track
    public static int xp_level_bg
    private void <init>()
com.baseballnerd.app.R$drawable:
    public static int bg_no_hitter_badge
    public static int bg_result_popup
    public static int bg_spinner
    public static int bg_tab_container
    public static int ic_arrow_down
    public static int ic_back_arrow
    public static int ic_baseball
    public static int ic_baseball_field
    public static int ic_bat_and_ball
    public static int ic_calendar
    public static int ic_chevron_right
    public static int ic_fire
    public static int ic_glove
    public static int ic_info
    public static int ic_launcher_background
    public static int ic_launcher_foreground
    public static int ic_launcher_foreground_centered
    public static int ic_lock
    public static int ic_lock_open
    public static int ic_mlb_logo
    public static int ic_nav_more
    public static int ic_nav_players
    public static int ic_nav_scores
    public static int ic_nav_standings
    public static int ic_refresh
    public static int ic_settings
    public static int ic_trophy
    public static int mlb_logo
    public static int shape_live_dot
    private void <init>()
com.baseballnerd.app.R$id:
    public static int aboutFragment
    public static int action_scoresFragment_to_gameDetailFragment
    public static int action_scoresFragment_to_playerStatsFragment
    public static int action_scoresFragment_to_teamScheduleFragment
    public static int awardsFragment
    public static int layout_hof_content
    public static int main_root
    public static int moreFragment
    public static int nav_graph
    public static int positionsFragment
    public static int scoresFragment
    public static int settingsFragment
    public static int standingsFragment
    public static int statsFragment
    public static int tv_date_label
    public static int whosHotFragment
    private void <init>()
com.baseballnerd.app.R$layout:
    public static int fragment_hall_of_fame
    public static int item_spinner_year_schedule
    private void <init>()
com.baseballnerd.app.R$menu
com.baseballnerd.app.R$mipmap
com.baseballnerd.app.R$navigation
com.baseballnerd.app.R$string:
    public static int app_name
    public static int app_version
    public static int awards
    public static int card_view
    public static int dark_mode
    public static int list_view
    public static int more_header
    public static int nav_more
    public static int nav_scores
    public static int nav_standings
    public static int nav_stats
    public static int no_hitter
    public static int perfect_game
    public static int preferences_header
    public static int resources_header
    public static int roster_depth
    public static int scoreboard_layout
    public static int vs
    private void <init>()
com.baseballnerd.app.R$style
com.baseballnerd.app.R$xml
com.baseballnerd.app.R
com.baseballnerd.app.data.api.MlbApiClient:
    private static final java.lang.String BASE_URL
com.baseballnerd.app.data.api.MlbApiService$DefaultImpls:
    public static synthetic java.lang.Object getAwardRecipients$default(com.baseballnerd.app.data.api.MlbApiService,java.lang.String,java.lang.String,int,java.lang.String,kotlin.coroutines.Continuation,int,java.lang.Object)
    public static synthetic java.lang.Object getHallOfFame$default(com.baseballnerd.app.data.api.MlbApiService,java.lang.String,int,kotlin.coroutines.Continuation,int,java.lang.Object)
...
org.intellij.lang.annotations.JdkConstants$FontStyle
org.intellij.lang.annotations.JdkConstants$HorizontalAlignment
org.intellij.lang.annotations.JdkConstants$HorizontalScrollBarPolicy
org.intellij.lang.annotations.JdkConstants$InputEventMask
org.intellij.lang.annotations.JdkConstants$ListSelectionMode
org.intellij.lang.annotations.JdkConstants$PatternFlags
org.intellij.lang.annotations.JdkConstants$TabLayoutPolicy
org.intellij.lang.annotations.JdkConstants$TabPlacement
org.intellij.lang.annotations.JdkConstants$TitledBorderJustification
org.intellij.lang.annotations.JdkConstants$TitledBorderTitlePosition
org.intellij.lang.annotations.JdkConstants$TreeSelectionMode
org.intellij.lang.annotations.JdkConstants$VerticalScrollBarPolicy
org.intellij.lang.annotations.JdkConstants
org.intellij.lang.annotations.Language
org.intellij.lang.annotations.MagicConstant
org.intellij.lang.annotations.Pattern
org.intellij.lang.annotations.PrintFormat
org.intellij.lang.annotations.PrintFormatPattern
org.intellij.lang.annotations.RegExp
org.intellij.lang.annotations.Subst
org.jetbrains.annotations.ApiStatus$AvailableSince
org.jetbrains.annotations.ApiStatus$Experimental
org.jetbrains.annotations.ApiStatus$Internal
org.jetbrains.annotations.ApiStatus$NonExtendable
org.jetbrains.annotations.ApiStatus$OverrideOnly
org.jetbrains.annotations.ApiStatus$ScheduledForRemoval
org.jetbrains.annotations.ApiStatus
org.jetbrains.annotations.Async$Execute
org.jetbrains.annotations.Async$Schedule
org.jetbrains.annotations.Async
org.jetbrains.annotations.Blocking
org.jetbrains.annotations.BlockingExecutor
org.jetbrains.annotations.Contract
org.jetbrains.annotations.Debug$Renderer
org.jetbrains.annotations.Debug
org.jetbrains.annotations.MustBeInvokedByOverriders
org.jetbrains.annotations.Nls$Capitalization
org.jetbrains.annotations.Nls
org.jetbrains.annotations.NonBlocking
org.jetbrains.annotations.NonBlockingExecutor
org.jetbrains.annotations.NonNls
org.jetbrains.annotations.NotNull
org.jetbrains.annotations.Nullable
org.jetbrains.annotations.PropertyKey
org.jetbrains.annotations.Range
org.jetbrains.annotations.TestOnly
org.jetbrains.annotations.UnknownNullability
org.jetbrains.annotations.Unmodifiable
org.jetbrains.annotations.UnmodifiableView
org.jetbrains.annotations.VisibleForTesting
retrofit2.Call:
    public abstract retrofit2.Response execute()
    public abstract boolean isExecuted()
    public abstract okio.Timeout timeout()
retrofit2.DefaultCallAdapterFactory$ExecutorCallbackCall:
    public retrofit2.Response execute()
    public boolean isExecuted()
    public okio.Timeout timeout()
retrofit2.HttpException:
    public int code()
    public java.lang.String message()
    public retrofit2.Response response()
retrofit2.Invocation:
    public java.util.List arguments()
    public static retrofit2.Invocation of(java.lang.reflect.Method,java.util.List)
retrofit2.KotlinExtensions:
    public static final synthetic java.lang.Object create(retrofit2.Retrofit)
retrofit2.OkHttpCall:
    public retrofit2.Response execute()
    public synchronized boolean isExecuted()
    public synchronized okio.Timeout timeout()
retrofit2.Platform:
    int defaultCallAdapterFactoriesSize()
retrofit2.RequestBuilder:
    private static final java.lang.String PATH_SEGMENT_ALWAYS_ENCODE_SET
retrofit2.RequestFactory$Builder:
    private static final java.lang.String PARAM
retrofit2.Response:
    public static retrofit2.Response error(int,okhttp3.ResponseBody)
    public okhttp3.ResponseBody errorBody()
    public okhttp3.Headers headers()
    public okhttp3.Response raw()
    public static retrofit2.Response success(int,java.lang.Object)
    public static retrofit2.Response success(java.lang.Object)
    public static retrofit2.Response success(java.lang.Object,okhttp3.Headers)